[02:30:41] [ServerMain/INFO]: Environment: Environment[sessionHost=https://sessionserver.mojang.com, servicesHost=https://api.minecraftservices.com, name=PROD]
[02:30:42] [ServerMain/INFO]: No existing world data, creating new world
[02:30:42] [ServerMain/INFO]: Loaded 1290 recipes
[02:30:43] [ServerMain/INFO]: Loaded 1399 advancements
[02:30:43] [Server thread/INFO]: Starting minecraft server version 1.21
[02:30:43] [Server thread/INFO]: Loading properties
[02:30:43] [Server thread/INFO]: Default game type: SURVIVAL
[02:30:43] [Server thread/INFO]: Generating keypair
[02:30:43] [Server thread/INFO]: Starting Minecraft server on *:25565
[02:30:43] [Server thread/INFO]: Using epoll channel type
[02:30:43] [Server thread/WARN]: **** SERVER IS RUNNING IN OFFLINE/INSECURE MODE!
[02:30:43] [Server thread/WARN]: The server will make no attempt to authenticate usernames. Beware.
[02:30:43] [Server thread/WARN]: While this makes the game possible to play without internet access, it also opens up the ability for hackers to connect with any username they choose.
[02:30:43] [Server thread/WARN]: To change this, set "online-mode" to "true" in the server.properties file.
[02:30:43] [Server thread/INFO]: Preparing level "world"
[02:30:49] [Server thread/INFO]: Preparing start region for dimension minecraft:overworld
[02:30:49] [Worker-Main-3/INFO]: Preparing spawn area: 2%
[02:30:49] [Worker-Main-3/INFO]: Preparing spawn area: 2%
[02:30:50] [Worker-Main-1/INFO]: Preparing spawn area: 2%
[02:30:50] [Worker-Main-3/INFO]: Preparing spawn area: 2%
[02:30:51] [Worker-Main-3/INFO]: Preparing spawn area: 2%
[02:30:51] [Worker-Main-3/INFO]: Preparing spawn area: 18%
[02:30:52] [Worker-Main-1/INFO]: Preparing spawn area: 18%
[02:30:52] [Worker-Main-2/INFO]: Preparing spawn area: 51%
[02:30:53] [Worker-Main-3/INFO]: Preparing spawn area: 51%
[02:30:53] [Worker-Main-2/INFO]: Preparing spawn area: 51%
[02:30:54] [Server thread/INFO]: Time elapsed: 4693 ms
[02:30:54] [Server thread/INFO]: Done (10.296s)! For help, type "help"
[02:32:58] [Server thread/INFO]: 24midxnight10[/127.50.82.112:56875] logged in with entity id 11 at (-5.5, 69.0, 7.5)
[02:32:58] [Server thread/INFO]: 24midxnight10 joined the game
[02:33:03] [Server thread/INFO]: midxnight2410x[/127.50.82.112:45583] logged in with entity id 136 at (8.5, 64.0, 5.5)
[02:33:03] [Server thread/INFO]: midxnight2410x joined the game
[02:33:16] [Server thread/INFO]: quacraft[/127.50.120.187:44759] logged in with entity id 335 at (5.5, 49.0, -3.5)
[02:33:16] [Server thread/INFO]: quacraft joined the game
[02:33:40] [Server thread/INFO]: 24midxnight10 fell from a high place
[02:34:06] [Server thread/INFO]: quacraft was doomed to fall by 24midxnight10
[02:35:14] [Server thread/INFO]: CodeMJ[/127.97.169.214:45013] logged in with entity id 802 at (1.5, 68.0, 2.5)
[02:35:14] [Server thread/INFO]: CodeMJ joined the game
[02:35:21] [Server thread/WARN]: Mismatch in destroy block pos: jd{x=0, y=0, z=0} jd{x=-5, y=69, z=-11}
[02:35:21] [Server thread/WARN]: Mismatch in destroy block pos: jd{x=0, y=0, z=0} jd{x=-5, y=68, z=-13}
[02:35:22] [Server thread/WARN]: Mismatch in destroy block pos: jd{x=0, y=0, z=0} jd{x=-5, y=69, z=-13}
[02:35:22] [Server thread/WARN]: Mismatch in destroy block pos: jd{x=0, y=0, z=0} jd{x=-5, y=69, z=-14}
[02:35:22] [Server thread/WARN]: Mismatch in destroy block pos: jd{x=0, y=0, z=0} jd{x=-5, y=69, z=-15}
[02:35:24] [Server thread/WARN]: Mismatch in destroy block pos: jd{x=5, y=67, z=-17} jd{x=6, y=66, z=-16}
[02:35:24] [Server thread/WARN]: Mismatch in destroy block pos: jd{x=5, y=67, z=-17} jd{x=6, y=67, z=-16}
[02:35:24] [Server thread/WARN]: Mismatch in destroy block pos: jd{x=5, y=67, z=-17} jd{x=7, y=67, z=-16}
[02:35:24] [Server thread/WARN]: Mismatch in destroy block pos: jd{x=5, y=67, z=-17} jd{x=7, y=68, z=-16}
[02:35:24] [Server thread/WARN]: Mismatch in destroy block pos: jd{x=5, y=67, z=-17} jd{x=8, y=67, z=-15}
[02:35:24] [Server thread/WARN]: Mismatch in destroy block pos: jd{x=5, y=67, z=-17} jd{x=9, y=67, z=-14}
[02:35:25] [Server thread/WARN]: Mismatch in destroy block pos: jd{x=5, y=67, z=-17} jd{x=9, y=68, z=-14}
[02:35:25] [Server thread/WARN]: Mismatch in destroy block pos: jd{x=5, y=67, z=-17} jd{x=10, y=69, z=-14}
[02:35:25] [Server thread/WARN]: Mismatch in destroy block pos: jd{x=5, y=67, z=-17} jd{x=10, y=69, z=-13}
[02:35:25] [Server thread/WARN]: Mismatch in destroy block pos: jd{x=5, y=67, z=-17} jd{x=10, y=68, z=-12}
[02:35:25] [Server thread/WARN]: Mismatch in destroy block pos: jd{x=5, y=67, z=-17} jd{x=11, y=66, z=-11}
[02:35:25] [Server thread/WARN]: Mismatch in destroy block pos: jd{x=5, y=67, z=-17} jd{x=10, y=66, z=-11}
[02:35:30] [Server thread/INFO]: CodeMJ fell from a high place
[02:35:32] [Server thread/WARN]: Mismatch in destroy block pos: jd{x=0, y=0, z=0} jd{x=4, y=52, z=-1}
[02:35:38] [Server thread/INFO]: CodeMJ fell from a high place
[02:37:01] [Server thread/INFO]: quacraft has made the advancement [Stone Age]
[02:37:12] [Server thread/INFO]: 24midxnight10 has made the advancement [Stone Age]
[02:37:19] [Server thread/INFO]: 24midxnight10 has made the advancement [Getting an Upgrade]
[02:37:22] [Server thread/INFO]: CodeMJ fell from a high place
[02:37:24] [Server thread/INFO]: quacraft has made the advancement [Getting an Upgrade]
[02:37:51] [Server thread/INFO]: midxnight2410x was shot by Skeleton
[02:39:09] [Server thread/WARN]: Mismatch in destroy block pos: jd{x=41, y=75, z=-3} jd{x=-4, y=8, z=-8}
[02:39:14] [Server thread/WARN]: Mismatch in destroy block pos: jd{x=41, y=75, z=-3} jd{x=-4, y=8, z=-8}
[02:39:14] [Server thread/WARN]: Mismatch in destroy block pos: jd{x=41, y=75, z=-3} jd{x=-4, y=7, z=-9}
[02:39:15] [Server thread/WARN]: Mismatch in destroy block pos: jd{x=41, y=75, z=-3} jd{x=-5, y=5, z=-8}
[02:39:15] [Server thread/WARN]: Mismatch in destroy block pos: jd{x=41, y=75, z=-3} jd{x=-5, y=6, z=-7}
[02:39:24] [Server thread/WARN]: Mismatch in destroy block pos: jd{x=41, y=75, z=-3} jd{x=-4, y=9, z=-3}
[02:39:32] [Server thread/WARN]: Mismatch in destroy block pos: jd{x=41, y=75, z=-3} jd{x=-5, y=8, z=-2}
[02:39:32] [Server thread/WARN]: Mismatch in destroy block pos: jd{x=41, y=75, z=-3} jd{x=-4, y=8, z=-3}
[02:39:32] [Server thread/WARN]: Mismatch in destroy block pos: jd{x=41, y=75, z=-3} jd{x=-4, y=8, z=-3}
[02:39:34] [Server thread/WARN]: Mismatch in destroy block pos: jd{x=41, y=75, z=-3} jd{x=-5, y=7, z=-3}
[02:39:34] [Server thread/WARN]: Mismatch in destroy block pos: jd{x=41, y=75, z=-3} jd{x=-5, y=7, z=-4}
[02:39:41] [Server thread/INFO]: CodeMJ lost connection: Disconnected
[02:39:41] [Server thread/INFO]: CodeMJ left the game
[02:39:46] [Server thread/INFO]: CodeMJ[/127.97.169.214:34389] logged in with entity id 1736 at (-4.341035420327713, 9.0, -1.300000011920929)
[02:39:46] [Server thread/INFO]: CodeMJ joined the game
[02:39:49] [Server thread/WARN]: Mismatch in destroy block pos: jd{x=0, y=0, z=0} jd{x=-5, y=9, z=-1}
[02:39:53] [Server thread/WARN]: Mismatch in destroy block pos: jd{x=0, y=0, z=0} jd{x=-5, y=11, z=0}
[02:39:54] [Server thread/WARN]: Mismatch in destroy block pos: jd{x=0, y=0, z=0} jd{x=-5, y=12, z=0}
[02:39:54] [Server thread/WARN]: Mismatch in destroy block pos: jd{x=0, y=0, z=0} jd{x=-4, y=10, z=-2}
[02:39:55] [Server thread/WARN]: Mismatch in destroy block pos: jd{x=0, y=0, z=0} jd{x=-4, y=11, z=-2}
[02:39:55] [Server thread/WARN]: Mismatch in destroy block pos: jd{x=0, y=0, z=0} jd{x=-4, y=11, z=-1}
[02:39:55] [Server thread/WARN]: Mismatch in destroy block pos: jd{x=0, y=0, z=0} jd{x=-4, y=11, z=-2}
[02:39:55] [Server thread/WARN]: Mismatch in destroy block pos: jd{x=0, y=0, z=0} jd{x=-3, y=11, z=-3}
[02:39:55] [Server thread/WARN]: Mismatch in destroy block pos: jd{x=0, y=0, z=0} jd{x=-4, y=10, z=-3}
[02:39:55] [Server thread/WARN]: Mismatch in destroy block pos: jd{x=0, y=0, z=0} jd{x=-4, y=11, z=-2}
[02:39:55] [Server thread/WARN]: Mismatch in destroy block pos: jd{x=0, y=0, z=0} jd{x=-4, y=10, z=-3}
[02:39:55] [Server thread/WARN]: Mismatch in destroy block pos: jd{x=0, y=0, z=0} jd{x=-3, y=10, z=-4}
[02:39:56] [Server thread/WARN]: Mismatch in destroy block pos: jd{x=0, y=0, z=0} jd{x=-3, y=11, z=-4}
[02:39:56] [Server thread/WARN]: Mismatch in destroy block pos: jd{x=0, y=0, z=0} jd{x=-3, y=10, z=-5}
[02:39:56] [Server thread/WARN]: Mismatch in destroy block pos: jd{x=0, y=0, z=0} jd{x=-4, y=9, z=-6}
[02:39:56] [Server thread/WARN]: Mismatch in destroy block pos: jd{x=0, y=0, z=0} jd{x=-4, y=9, z=-7}
[02:39:56] [Server thread/WARN]: Mismatch in destroy block pos: jd{x=0, y=0, z=0} jd{x=-3, y=10, z=-7}
[02:39:56] [Server thread/WARN]: Mismatch in destroy block pos: jd{x=0, y=0, z=0} jd{x=-3, y=11, z=-7}
[02:39:57] [Server thread/WARN]: Mismatch in destroy block pos: jd{x=0, y=0, z=0} jd{x=-4, y=9, z=-9}
[02:39:57] [Server thread/WARN]: Mismatch in destroy block pos: jd{x=0, y=0, z=0} jd{x=-4, y=9, z=-10}
[02:39:57] [Server thread/WARN]: Mismatch in destroy block pos: jd{x=0, y=0, z=0} jd{x=-4, y=9, z=-11}
[02:39:57] [Server thread/WARN]: Mismatch in destroy block pos: jd{x=0, y=0, z=0} jd{x=-4, y=9, z=-12}
[02:39:59] [Server thread/WARN]: Mismatch in destroy block pos: jd{x=0, y=0, z=0} jd{x=-4, y=9, z=-11}
[02:40:01] [Server thread/INFO]: quacraft has made the advancement [Monster Hunter]
[02:40:05] [Server thread/WARN]: Mismatch in destroy block pos: jd{x=0, y=0, z=0} jd{x=-4, y=9, z=-11}
[02:40:06] [Server thread/WARN]: Mismatch in destroy block pos: jd{x=0, y=0, z=0} jd{x=-4, y=9, z=-12}
[02:40:08] [Server thread/WARN]: Mismatch in destroy block pos: jd{x=0, y=0, z=0} jd{x=-4, y=2, z=-14}
[02:40:24] [Server thread/INFO]: 24midxnight10 has made the advancement [Monster Hunter]
[02:40:26] [Server thread/WARN]: Mismatch in destroy block pos: jd{x=0, y=0, z=0} jd{x=-9, y=33, z=-10}
[02:40:27] [Server thread/WARN]: Mismatch in destroy block pos: jd{x=0, y=0, z=0} jd{x=-9, y=34, z=-10}
[02:40:28] [Server thread/WARN]: Mismatch in destroy block pos: jd{x=0, y=0, z=0} jd{x=-9, y=35, z=-10}
[02:40:28] [Server thread/WARN]: Mismatch in destroy block pos: jd{x=0, y=0, z=0} jd{x=-9, y=36, z=-10}
[02:40:29] [Server thread/WARN]: Mismatch in destroy block pos: jd{x=0, y=0, z=0} jd{x=-9, y=37, z=-10}
[02:40:29] [Server thread/WARN]: Mismatch in destroy block pos: jd{x=0, y=0, z=0} jd{x=-9, y=38, z=-10}
[02:40:29] [Server thread/WARN]: Mismatch in destroy block pos: jd{x=0, y=0, z=0} jd{x=-9, y=40, z=-10}
[02:40:30] [Server thread/WARN]: Mismatch in destroy block pos: jd{x=0, y=0, z=0} jd{x=-9, y=39, z=-9}
